<?xml version="1.0" encoding="UTF-8"?>
<testng-results skipped="0" failed="0" ignored="0" total="1" passed="1">
  <reporter-output>
  </reporter-output>
  <suite name="Default suite" duration-ms="3590" started-at="2022-07-25T13:32:49 PDT" finished-at="2022-07-25T13:32:53 PDT">
    <groups>
    </groups>
    <test name="Default test" duration-ms="3590" started-at="2022-07-25T13:32:49 PDT" finished-at="2022-07-25T13:32:53 PDT">
      <class name="Log4J.ex1">
        <test-method status="PASS" signature="test()[pri:0, instance:Log4J.ex1@11438d26]" name="test" duration-ms="3542" started-at="2022-07-25T13:32:49 PDT" finished-at="2022-07-25T13:32:53 PDT">
          <reporter-output>
          </reporter-output>
        </test-method> <!-- test -->
      </class> <!-- Log4J.ex1 -->
    </test> <!-- Default test -->
  </suite> <!-- Default suite -->
</testng-results>
